<?xml version="1.0" encoding="UTF-8"?>
<!-- Generated by org.testng.reporters.JUnitReportReporter -->
<testsuite hostname="DESKTOP-6NMBPP8" failures="0" tests="1" name="com.eurowings.testcases.TC002_VerifySearchByRoute_RelevantResultsDisplayed" time="60.267" errors="0" timestamp="2023-03-23T11:27:21 IST" skipped="0">
  <testcase classname="com.eurowings.testcases.TC002_VerifySearchByRoute_RelevantResultsDisplayed" name="runSearchByRoute" time="60.267"/>
  <system-out/>
</testsuite> <!-- com.eurowings.testcases.TC002_VerifySearchByRoute_RelevantResultsDisplayed -->
