<?xml version="1.0" encoding="UTF-8"?>
<!-- Generated by org.testng.reporters.JUnitReportReporter -->
<testsuite hostname="IN-COM-2108-015" failures="0" tests="1" name="com.eurowings.testcases.TC004_VerifySearchByInvalidRoute" time="14.726" errors="0" timestamp="2023-03-26T20:53:28 IST" skipped="0">
  <testcase classname="com.eurowings.testcases.TC004_VerifySearchByInvalidRoute" name="runSearchByRoute" time="14.726"/>
  <system-out/>
</testsuite> <!-- com.eurowings.testcases.TC004_VerifySearchByInvalidRoute -->
