<?xml version="1.0" encoding="UTF-8"?>
<!-- Generated by org.testng.reporters.JUnitReportReporter -->
<testsuite hostname="DESKTOP-6NMBPP8" failures="0" tests="1" name="com.eurowings.testcases.TC001_VerifySearchByRoute_Valid" time="55.927" errors="0" timestamp="2023-03-23T11:27:21 IST" skipped="0">
  <testcase classname="com.eurowings.testcases.TC001_VerifySearchByRoute_Valid" name="runSearchByRoute" time="55.927"/>
  <system-out/>
</testsuite> <!-- com.eurowings.testcases.TC001_VerifySearchByRoute_Valid -->
